<?xml version="1.0" encoding="UTF-8"?>
<!-- Generated by org.testng.reporters.JUnitReportReporter -->
<testsuite skipped="0" hostname="mache-Inspiron-3521" name="com.index.git.api.test.GitHubTest" tests="5" failures="0" timestamp="24 Sep 2019 20:54:19 GMT" time="8.100" errors="0">
  <testcase name="isNull" time="0.004" classname="com.index.git.api.test.GitHubTest"/>
  <testcase name="isValidUserName" time="0.587" classname="com.index.git.api.test.GitHubTest"/>
  <testcase name="invalidUserName" time="0.324" classname="com.index.git.api.test.GitHubTest"/>
  <testcase name="hasRepositories" time="1.391" classname="com.index.git.api.test.GitHubTest"/>
  <testcase name="hasProjects" time="5.794" classname="com.index.git.api.test.GitHubTest"/>
</testsuite> <!-- com.index.git.api.test.GitHubTest -->
