<?xml version="1.0" encoding="UTF-8"?>
<!-- Generated by org.testng.reporters.JUnitReportReporter -->
<testsuite skipped="0" hostname="mache-Inspiron-3521" name="com.index.git.api.test.GitLabTest" tests="5" failures="0" timestamp="24 Sep 2019 20:54:19 GMT" time="14.095" errors="0">
  <testcase name="hasProjects" time="1.444" classname="com.index.git.api.test.GitLabTest"/>
  <testcase name="invalidUserId" time="1.161" classname="com.index.git.api.test.GitLabTest"/>
  <testcase name="isValidUserId" time="3.799" classname="com.index.git.api.test.GitLabTest"/>
  <testcase name="hasRepositories" time="7.687" classname="com.index.git.api.test.GitLabTest"/>
  <testcase name="isNull" time="0.004" classname="com.index.git.api.test.GitLabTest"/>
</testsuite> <!-- com.index.git.api.test.GitLabTest -->
